CourseWeb/app/build/outputs/logs/manifest-merger-debug-report.txt
-- Merging decision tree log ---
manifest
ADDED from src\main\AndroidManifest.xml:2:1-153:12
INJECTED from src\main\AndroidManifest.xml:2:1-153:12
INJECTED from src\main\AndroidManifest.xml:2:1-153:12
INJECTED from src\main\AndroidManifest.xml:2:1-153:12
MERGED from [com.android.support:appcompat-v7:26.1.0] AndroidManifest.xml:17:1-31:12
MERGED from [com.android.support.constraint:constraint-layout:1.1.0] AndroidManifest.xml:2:1-11:12
MERGED from [com.android.support:recyclerview-v7:26.1.0] AndroidManifest.xml:17:1-28:12
MERGED from [com.android.support:animated-vector-drawable:26.1.0] AndroidManifest.xml:17:1-28:12
MERGED from [com.android.support:support-vector-drawable:26.1.0] AndroidManifest.xml:17:1-28:12
MERGED from [com.android.support:support-v4:26.1.0] AndroidManifest.xml:17:1-31:12
MERGED from [com.android.support:support-fragment:26.1.0] AndroidManifest.xml:17:1-31:12
MERGED from [com.android.support:support-core-ui:26.1.0] AndroidManifest.xml:17:1-31:12
MERGED from [com.android.support:support-media-compat:26.1.0] AndroidManifest.xml:17:1-31:12
MERGED from [com.android.support:support-core-utils:26.1.0] AndroidManifest.xml:17:1-31:12
MERGED from [com.android.support:support-compat:26.1.0] AndroidManifest.xml:17:1-31:12
MERGED from [android.arch.lifecycle:runtime:1.0.0] AndroidManifest.xml:17:1-30:12
INJECTED from src\main\AndroidManifest.xml:2:1-153:12
INJECTED from src\main\AndroidManifest.xml:2:1-153:12
INJECTED from src\main\AndroidManifest.xml:2:1-153:12
	package
		ADDED from src\main\AndroidManifest.xml:3:5-48
		INJECTED from src\main\AndroidManifest.xml
		INJECTED from src\main\AndroidManifest.xml
	android:versionName
		INJECTED from src\main\AndroidManifest.xml
		ADDED from src\main\AndroidManifest.xml:2:1-153:12
		INJECTED from src\main\AndroidManifest.xml
	android:versionCode
		INJECTED from src\main\AndroidManifest.xml
		ADDED from src\main\AndroidManifest.xml:2:1-153:12
		INJECTED from src\main\AndroidManifest.xml
	xmlns:android
		ADDED from src\main\AndroidManifest.xml:2:11-69
application
ADDED from src\main\AndroidManifest.xml:5:5-151:19
MERGED from [com.android.support:appcompat-v7:26.1.0] AndroidManifest.xml:25:5-29:19
MERGED from [com.android.support:appcompat-v7:26.1.0] AndroidManifest.xml:25:5-29:19
MERGED from [com.android.support.constraint:constraint-layout:1.1.0] AndroidManifest.xml:9:5-20
MERGED from [com.android.support.constraint:constraint-layout:1.1.0] AndroidManifest.xml:9:5-20
MERGED from [com.android.support:recyclerview-v7:26.1.0] AndroidManifest.xml:22:5-26:19
MERGED from [com.android.support:recyclerview-v7:26.1.0] AndroidManifest.xml:22:5-26:19
MERGED from [com.android.support:animated-vector-drawable:26.1.0] AndroidManifest.xml:22:5-26:19
MERGED from [com.android.support:animated-vector-drawable:26.1.0] AndroidManifest.xml:22:5-26:19
MERGED from [com.android.support:support-vector-drawable:26.1.0] AndroidManifest.xml:22:5-26:19
MERGED from [com.android.support:support-vector-drawable:26.1.0] AndroidManifest.xml:22:5-26:19
MERGED from [com.android.support:support-v4:26.1.0] AndroidManifest.xml:25:5-29:19
MERGED from [com.android.support:support-v4:26.1.0] AndroidManifest.xml:25:5-29:19
MERGED from [com.android.support:support-fragment:26.1.0] AndroidManifest.xml:25:5-29:19
MERGED from [com.android.support:support-fragment:26.1.0] AndroidManifest.xml:25:5-29:19
MERGED from [com.android.support:support-core-ui:26.1.0] AndroidManifest.xml:25:5-29:19
MERGED from [com.android.support:support-core-ui:26.1.0] AndroidManifest.xml:25:5-29:19
MERGED from [com.android.support:support-media-compat:26.1.0] AndroidManifest.xml:25:5-29:19
MERGED from [com.android.support:support-media-compat:26.1.0] AndroidManifest.xml:25:5-29:19
MERGED from [com.android.support:support-core-utils:26.1.0] AndroidManifest.xml:25:5-29:19
MERGED from [com.android.support:support-core-utils:26.1.0] AndroidManifest.xml:25:5-29:19
MERGED from [com.android.support:support-compat:26.1.0] AndroidManifest.xml:25:5-29:19
MERGED from [com.android.support:support-compat:26.1.0] AndroidManifest.xml:25:5-29:19
MERGED from [android.arch.lifecycle:runtime:1.0.0] AndroidManifest.xml:24:5-28:19
MERGED from [android.arch.lifecycle:runtime:1.0.0] AndroidManifest.xml:24:5-28:19
	android:supportsRtl
		ADDED from src\main\AndroidManifest.xml:10:9-35
	android:label
		ADDED from src\main\AndroidManifest.xml:8:9-41
	android:roundIcon
		ADDED from src\main\AndroidManifest.xml:9:9-54
	android:icon
		ADDED from src\main\AndroidManifest.xml:7:9-43
	android:allowBackup
		ADDED from src\main\AndroidManifest.xml:6:9-35
	android:theme
		ADDED from src\main\AndroidManifest.xml:11:9-40
activity#okuyucu.sabanciuniv.edu.courseweb.LoginActivity
ADDED from src\main\AndroidManifest.xml:13:9-20:20
	android:label
		ADDED from src\main\AndroidManifest.xml:15:13-45
	android:windowSoftInputMode
		ADDED from src\main\AndroidManifest.xml:14:13-55
	android:name
		ADDED from src\main\AndroidManifest.xml:13:19-81
intent-filter#action:name:android.intent.action.MAIN+category:name:android.intent.category.LAUNCHER
ADDED from src\main\AndroidManifest.xml:16:9-19:25
action#android.intent.action.MAIN
ADDED from src\main\AndroidManifest.xml:17:13-64
	android:name
		ADDED from src\main\AndroidManifest.xml:17:21-62
category#android.intent.category.LAUNCHER
ADDED from src\main\AndroidManifest.xml:18:13-73
	android:name
		ADDED from src\main\AndroidManifest.xml:18:23-70
activity#okuyucu.sabanciuniv.edu.courseweb.MainPageActivity
ADDED from src\main\AndroidManifest.xml:22:9-31:20
	android:label
		ADDED from src\main\AndroidManifest.xml:23:19-51
	android:name
		ADDED from src\main\AndroidManifest.xml:22:19-84
intent-filter#action:name:android.intent.action.MainPageActivity+category:name:android.intent.category.DEFAULT
ADDED from src\main\AndroidManifest.xml:25:13-29:29
action#android.intent.action.MainPageActivity
ADDED from src\main\AndroidManifest.xml:26:17-80
	android:name
		ADDED from src\main\AndroidManifest.xml:26:25-78
category#android.intent.category.DEFAULT
ADDED from src\main\AndroidManifest.xml:28:17-76
	android:name
		ADDED from src\main\AndroidManifest.xml:28:27-73
activity#okuyucu.sabanciuniv.edu.courseweb.CoursesActivity
ADDED from src\main\AndroidManifest.xml:33:9-42:20
	android:label
		ADDED from src\main\AndroidManifest.xml:34:13-45
	android:name
		ADDED from src\main\AndroidManifest.xml:33:19-83
intent-filter#action:name:android.intent.action.CoursesActivity+category:name:android.intent.category.DEFAULT
ADDED from src\main\AndroidManifest.xml:36:13-40:29
action#android.intent.action.CoursesActivity
ADDED from src\main\AndroidManifest.xml:37:17-79
	android:name
		ADDED from src\main\AndroidManifest.xml:37:25-77
activity#okuyucu.sabanciuniv.edu.courseweb.ProfileActivity
ADDED from src\main\AndroidManifest.xml:44:9-53:20
	android:label
		ADDED from src\main\AndroidManifest.xml:45:13-45
	android:name
		ADDED from src\main\AndroidManifest.xml:44:19-83
intent-filter#action:name:android.intent.action.ProfileActivity+category:name:android.intent.category.DEFAULT
ADDED from src\main\AndroidManifest.xml:47:13-51:29
action#android.intent.action.ProfileActivity
ADDED from src\main\AndroidManifest.xml:48:17-79
	android:name
		ADDED from src\main\AndroidManifest.xml:48:25-77
activity#okuyucu.sabanciuniv.edu.courseweb.DropCourseActivity
ADDED from src\main\AndroidManifest.xml:55:9-64:20
	android:label
		ADDED from src\main\AndroidManifest.xml:56:13-45
	android:name
		ADDED from src\main\AndroidManifest.xml:55:19-86
intent-filter#action:name:android.intent.action.DropCourseActivity+category:name:android.intent.category.DEFAULT
ADDED from src\main\AndroidManifest.xml:58:13-62:29
action#android.intent.action.DropCourseActivity
ADDED from src\main\AndroidManifest.xml:59:17-82
	android:name
		ADDED from src\main\AndroidManifest.xml:59:25-80
activity#okuyucu.sabanciuniv.edu.courseweb.ScheduleActivity
ADDED from src\main\AndroidManifest.xml:66:9-75:20
	android:label
		ADDED from src\main\AndroidManifest.xml:67:13-45
	android:name
		ADDED from src\main\AndroidManifest.xml:66:19-84
intent-filter#action:name:android.intent.action.ScheduleActivity+category:name:android.intent.category.DEFAULT
ADDED from src\main\AndroidManifest.xml:69:13-73:29
action#android.intent.action.ScheduleActivity
ADDED from src\main\AndroidManifest.xml:70:17-80
	android:name
		ADDED from src\main\AndroidManifest.xml:70:25-78
activity#okuyucu.sabanciuniv.edu.courseweb.DayActivity
ADDED from src\main\AndroidManifest.xml:77:9-86:20
	android:label
		ADDED from src\main\AndroidManifest.xml:78:13-45
	android:name
		ADDED from src\main\AndroidManifest.xml:77:19-79
intent-filter#action:name:android.intent.action.DayActivity+category:name:android.intent.category.DEFAULT
ADDED from src\main\AndroidManifest.xml:80:13-84:29
action#android.intent.action.DayActivity
ADDED from src\main\AndroidManifest.xml:81:17-75
	android:name
		ADDED from src\main\AndroidManifest.xml:81:25-73
activity#okuyucu.sabanciuniv.edu.courseweb.AdminMain
ADDED from src\main\AndroidManifest.xml:87:9-96:20
	android:label
		ADDED from src\main\AndroidManifest.xml:88:13-45
	android:name
		ADDED from src\main\AndroidManifest.xml:87:19-77
intent-filter#action:name:android.intent.action.AdminMain+category:name:android.intent.category.DEFAULT
ADDED from src\main\AndroidManifest.xml:90:13-94:29
action#android.intent.action.AdminMain
ADDED from src\main\AndroidManifest.xml:91:17-73
	android:name
		ADDED from src\main\AndroidManifest.xml:91:25-71
activity#okuyucu.sabanciuniv.edu.courseweb.InstructorActivity
ADDED from src\main\AndroidManifest.xml:97:9-105:20
	android:label
		ADDED from src\main\AndroidManifest.xml:98:13-45
	android:name
		ADDED from src\main\AndroidManifest.xml:97:19-86
intent-filter#action:name:android.intent.action.InstructorActivity+category:name:android.intent.category.DEFAULT
ADDED from src\main\AndroidManifest.xml:100:13-104:29
action#android.intent.action.InstructorActivity
ADDED from src\main\AndroidManifest.xml:101:17-82
	android:name
		ADDED from src\main\AndroidManifest.xml:101:25-80
activity#okuyucu.sabanciuniv.edu.courseweb.AdminAddCourse
ADDED from src\main\AndroidManifest.xml:107:9-114:20
	android:label
		ADDED from src\main\AndroidManifest.xml:108:13-45
	android:name
		ADDED from src\main\AndroidManifest.xml:107:19-82
intent-filter#action:name:android.intent.action.AdminAddCourse+category:name:android.intent.category.DEFAULT
ADDED from src\main\AndroidManifest.xml:109:13-113:29
action#android.intent.action.AdminAddCourse
ADDED from src\main\AndroidManifest.xml:110:17-78
	android:name
		ADDED from src\main\AndroidManifest.xml:110:25-76
activity#okuyucu.sabanciuniv.edu.courseweb.AdminEditGrades
ADDED from src\main\AndroidManifest.xml:116:9-123:20
	android:label
		ADDED from src\main\AndroidManifest.xml:117:13-45
	android:name
		ADDED from src\main\AndroidManifest.xml:116:19-83
intent-filter#action:name:android.intent.action.AdminEditGrades+category:name:android.intent.category.DEFAULT
ADDED from src\main\AndroidManifest.xml:118:13-122:29
action#android.intent.action.AdminEditGrades
ADDED from src\main\AndroidManifest.xml:119:17-79
	android:name
		ADDED from src\main\AndroidManifest.xml:119:25-77
activity#okuyucu.sabanciuniv.edu.courseweb.InstructorEditGrade
ADDED from src\main\AndroidManifest.xml:125:9-132:20
	android:label
		ADDED from src\main\AndroidManifest.xml:126:13-45
	android:name
		ADDED from src\main\AndroidManifest.xml:125:19-87
intent-filter#action:name:android.intent.action.InstructorEditGrade+category:name:android.intent.category.DEFAULT
ADDED from src\main\AndroidManifest.xml:127:13-131:29
action#android.intent.action.InstructorEditGrade
ADDED from src\main\AndroidManifest.xml:128:17-83
	android:name
		ADDED from src\main\AndroidManifest.xml:128:25-81
activity#okuyucu.sabanciuniv.edu.courseweb.AdminAddStudent
ADDED from src\main\AndroidManifest.xml:134:9-141:20
	android:label
		ADDED from src\main\AndroidManifest.xml:135:13-45
	android:name
		ADDED from src\main\AndroidManifest.xml:134:19-83
activity#okuyucu.sabanciuniv.edu.courseweb.AdminAddInstructor
ADDED from src\main\AndroidManifest.xml:142:9-149:20
	android:label
		ADDED from src\main\AndroidManifest.xml:143:13-45
	android:name
		ADDED from src\main\AndroidManifest.xml:142:19-86
uses-sdk
INJECTED from src\main\AndroidManifest.xml reason: use-sdk injection requested
INJECTED from src\main\AndroidManifest.xml
INJECTED from src\main\AndroidManifest.xml
MERGED from [com.android.support:appcompat-v7:26.1.0] AndroidManifest.xml:21:5-23:78
MERGED from [com.android.support:appcompat-v7:26.1.0] AndroidManifest.xml:21:5-23:78
MERGED from [com.android.support.constraint:constraint-layout:1.1.0] AndroidManifest.xml:5:5-7:41
MERGED from [com.android.support.constraint:constraint-layout:1.1.0] AndroidManifest.xml:5:5-7:41
MERGED from [com.android.support:recyclerview-v7:26.1.0] AndroidManifest.xml:20:5-44
MERGED from [com.android.support:recyclerview-v7:26.1.0] AndroidManifest.xml:20:5-44
MERGED from [com.android.support:animated-vector-drawable:26.1.0] AndroidManifest.xml:20:5-44
MERGED from [com.android.support:animated-vector-drawable:26.1.0] AndroidManifest.xml:20:5-44
MERGED from [com.android.support:support-vector-drawable:26.1.0] AndroidManifest.xml:20:5-44
MERGED from [com.android.support:support-vector-drawable:26.1.0] AndroidManifest.xml:20:5-44
MERGED from [com.android.support:support-v4:26.1.0] AndroidManifest.xml:21:5-23:54
MERGED from [com.android.support:support-v4:26.1.0] AndroidManifest.xml:21:5-23:54
MERGED from [com.android.support:support-fragment:26.1.0] AndroidManifest.xml:21:5-23:60
MERGED from [com.android.support:support-fragment:26.1.0] AndroidManifest.xml:21:5-23:60
MERGED from [com.android.support:support-core-ui:26.1.0] AndroidManifest.xml:21:5-23:58
MERGED from [com.android.support:support-core-ui:26.1.0] AndroidManifest.xml:21:5-23:58
MERGED from [com.android.support:support-media-compat:26.1.0] AndroidManifest.xml:21:5-23:63
MERGED from [com.android.support:support-media-compat:26.1.0] AndroidManifest.xml:21:5-23:63
MERGED from [com.android.support:support-core-utils:26.1.0] AndroidManifest.xml:21:5-23:61
MERGED from [com.android.support:support-core-utils:26.1.0] AndroidManifest.xml:21:5-23:61
MERGED from [com.android.support:support-compat:26.1.0] AndroidManifest.xml:21:5-23:58
MERGED from [com.android.support:support-compat:26.1.0] AndroidManifest.xml:21:5-23:58
MERGED from [android.arch.lifecycle:runtime:1.0.0] AndroidManifest.xml:20:5-22:41
MERGED from [android.arch.lifecycle:runtime:1.0.0] AndroidManifest.xml:20:5-22:41
INJECTED from src\main\AndroidManifest.xml
INJECTED from src\main\AndroidManifest.xml
	tools:overrideLibrary
		ADDED from [com.android.support:appcompat-v7:26.1.0] AndroidManifest.xml:23:9-75
	android:targetSdkVersion
		INJECTED from src\main\AndroidManifest.xml
		ADDED from src\main\AndroidManifest.xml
		INJECTED from src\main\AndroidManifest.xml
	android:minSdkVersion
		INJECTED from src\main\AndroidManifest.xml
		ADDED from src\main\AndroidManifest.xml
		INJECTED from src\main\AndroidManifest.xml
meta-data#android.support.VERSION
ADDED from [com.android.support:appcompat-v7:26.1.0] AndroidManifest.xml:26:9-28:38
MERGED from [com.android.support:recyclerview-v7:26.1.0] AndroidManifest.xml:23:9-25:38
MERGED from [com.android.support:recyclerview-v7:26.1.0] AndroidManifest.xml:23:9-25:38
MERGED from [com.android.support:animated-vector-drawable:26.1.0] AndroidManifest.xml:23:9-25:38
MERGED from [com.android.support:animated-vector-drawable:26.1.0] AndroidManifest.xml:23:9-25:38
MERGED from [com.android.support:support-vector-drawable:26.1.0] AndroidManifest.xml:23:9-25:38
MERGED from [com.android.support:support-vector-drawable:26.1.0] AndroidManifest.xml:23:9-25:38
MERGED from [com.android.support:support-v4:26.1.0] AndroidManifest.xml:26:9-28:38
MERGED from [com.android.support:support-v4:26.1.0] AndroidManifest.xml:26:9-28:38
MERGED from [com.android.support:support-fragment:26.1.0] AndroidManifest.xml:26:9-28:38
MERGED from [com.android.support:support-fragment:26.1.0] AndroidManifest.xml:26:9-28:38
MERGED from [com.android.support:support-core-ui:26.1.0] AndroidManifest.xml:26:9-28:38
MERGED from [com.android.support:support-core-ui:26.1.0] AndroidManifest.xml:26:9-28:38
MERGED from [com.android.support:support-media-compat:26.1.0] AndroidManifest.xml:26:9-28:38
MERGED from [com.android.support:support-media-compat:26.1.0] AndroidManifest.xml:26:9-28:38
MERGED from [com.android.support:support-core-utils:26.1.0] AndroidManifest.xml:26:9-28:38
MERGED from [com.android.support:support-core-utils:26.1.0] AndroidManifest.xml:26:9-28:38
MERGED from [com.android.support:support-compat:26.1.0] AndroidManifest.xml:26:9-28:38
MERGED from [com.android.support:support-compat:26.1.0] AndroidManifest.xml:26:9-28:38
	android:value
		ADDED from [com.android.support:appcompat-v7:26.1.0] AndroidManifest.xml:28:13-35
	android:name
		ADDED from [com.android.support:appcompat-v7:26.1.0] AndroidManifest.xml:27:13-51
meta-data#android.arch.lifecycle.VERSION
ADDED from [android.arch.lifecycle:runtime:1.0.0] AndroidManifest.xml:25:9-27:47
	android:value
		ADDED from [android.arch.lifecycle:runtime:1.0.0] AndroidManifest.xml:27:13-44
	android:name
		ADDED from [android.arch.lifecycle:runtime:1.0.0] AndroidManifest.xml:26:13-58